2022-05-17 20:39:31.355 DEBUG 8952 --- [http-nio-8081-exec-1] m.s.m.SeckillVoucherMapper.selectById    : <==      Total: 1
2022-05-17 20:39:31.363 DEBUG 8952 --- [http-nio-8081-exec-1] m.s.m.VoucherOrderMapper.selectCount     : ==>  Preparing: SELECT COUNT( * ) FROM tb_voucher_order WHERE (user_id = ? AND voucher_id = ?)
2022-05-17 20:39:31.364 DEBUG 8952 --- [http-nio-8081-exec-1] m.s.m.VoucherOrderMapper.selectCount     : ==> Parameters: 5(Long), 2(Long)
2022-05-17 20:39:31.365 DEBUG 8952 --- [http-nio-8081-exec-1] m.s.m.VoucherOrderMapper.selectCount     : <==      Total: 1
2022-05-17 20:42:57.726  INFO 8952 --- [SpringApplicationShutdownHook] com.alibaba.druid.pool.DruidDataSource   : {dataSource-1} closing ...
2022-05-17 20:42:57.729  INFO 8952 --- [SpringApplicationShutdownHook] com.alibaba.druid.pool.DruidDataSource   : {dataSource-1} closed
2022-05-17 20:44:11.852  INFO 7980 --- [restartedMain] istributedLockBasedOnRedissonApplication : Starting SpringBootRedisHmdpDistributedLockBasedOnRedissonApplication using Java 16.0.2 on mao with PID 7980 (H:\程序\大三下期\spring_boot_redis_hmdp基于redisson实现分布式锁\target\classes started by mao in H:\程序\大三下期\spring_boot_redis_hmdp基于redisson实现分布式锁)
2022-05-17 20:44:11.853 DEBUG 7980 --- [restartedMain] istributedLockBasedOnRedissonApplication : Running with Spring Boot v2.6.7, Spring v5.3.19
2022-05-17 20:44:11.854  INFO 7980 --- [restartedMain] istributedLockBasedOnRedissonApplication : The following 1 profile is active: "dev"
2022-05-17 20:44:11.892  INFO 7980 --- [restartedMain] .e.DevToolsPropertyDefaultsPostProcessor : Devtools property defaults active! Set 'spring.devtools.add-properties' to 'false' to disable
2022-05-17 20:44:11.892  INFO 7980 --- [restartedMain] .e.DevToolsPropertyDefaultsPostProcessor : For additional web related logging consider setting the 'logging.level.web' property to 'DEBUG'
2022-05-17 20:44:12.587  INFO 7980 --- [restartedMain] .s.d.r.c.RepositoryConfigurationDelegate : Multiple Spring Data modules found, entering strict repository configuration mode!
2022-05-17 20:44:12.588  INFO 7980 --- [restartedMain] .s.d.r.c.RepositoryConfigurationDelegate : Bootstrapping Spring Data Redis repositories in DEFAULT mode.
2022-05-17 20:44:12.609  INFO 7980 --- [restartedMain] .s.d.r.c.RepositoryConfigurationDelegate : Finished Spring Data repository scanning in 11 ms. Found 0 Redis repository interfaces.
2022-05-17 20:44:13.127  INFO 7980 --- [restartedMain] o.s.b.w.embedded.tomcat.TomcatWebServer  : Tomcat initialized with port(s): 8081 (http)
2022-05-17 20:44:13.135  INFO 7980 --- [restartedMain] o.apache.catalina.core.StandardService   : Starting service [Tomcat]
2022-05-17 20:44:13.135  INFO 7980 --- [restartedMain] org.apache.catalina.core.StandardEngine  : Starting Servlet engine: [Apache Tomcat/9.0.62]
2022-05-17 20:44:13.207  INFO 7980 --- [restartedMain] o.a.c.c.C.[Tomcat].[localhost].[/]       : Initializing Spring embedded WebApplicationContext
2022-05-17 20:44:13.208  INFO 7980 --- [restartedMain] w.s.c.ServletWebServerApplicationContext : Root WebApplicationContext: initialization completed in 1315 ms
2022-05-17 20:44:13.426  INFO 7980 --- [restartedMain] org.redisson.Version                     : Redisson 3.17.0
2022-05-17 20:44:13.669  INFO 7980 --- [redisson-netty-2-13] o.r.c.pool.MasterPubSubConnectionPool    : 1 connections initialized for 127.0.0.1/127.0.0.1:6379
2022-05-17 20:44:13.678  INFO 7980 --- [redisson-netty-2-19] o.r.c.pool.MasterConnectionPool          : 24 connections initialized for 127.0.0.1/127.0.0.1:6379
2022-05-17 20:44:13.815  INFO 7980 --- [restartedMain] c.a.d.s.b.a.DruidDataSourceAutoConfigure : Init DruidDataSource
2022-05-17 20:44:13.934  INFO 7980 --- [restartedMain] com.alibaba.druid.pool.DruidDataSource   : {dataSource-1} inited
2022-05-17 20:44:14.857  INFO 7980 --- [restartedMain] o.s.b.d.a.OptionalLiveReloadServer       : LiveReload server is running on port 35729
2022-05-17 20:44:14.862  INFO 7980 --- [restartedMain] o.s.b.a.e.web.EndpointLinksResolver      : Exposing 1 endpoint(s) beneath base path '/actuator'
2022-05-17 20:44:14.916  INFO 7980 --- [restartedMain] o.s.b.w.embedded.tomcat.TomcatWebServer  : Tomcat started on port(s): 8081 (http) with context path ''
2022-05-17 20:44:14.931  INFO 7980 --- [restartedMain] istributedLockBasedOnRedissonApplication : Started SpringBootRedisHmdpDistributedLockBasedOnRedissonApplication in 3.504 seconds (JVM running for 4.043)
2022-05-17 20:44:32.855  INFO 7980 --- [SpringApplicationShutdownHook] com.alibaba.druid.pool.DruidDataSource   : {dataSource-1} closing ...
2022-05-17 20:44:32.856  INFO 7980 --- [SpringApplicationShutdownHook] com.alibaba.druid.pool.DruidDataSource   : {dataSource-1} closed
