2022-05-17 13:35:31.790  INFO 13868 --- [restartedMain] istributedLockBasedOnRedissonApplication : Starting SpringBootRedisHmdpDistributedLockBasedOnRedissonApplication using Java 16.0.2 on mao with PID 13868 (H:\程序\大三下期\spring_boot_redis_hmdp基于redisson实现分布式锁\target\classes started by mao in H:\程序\大三下期\spring_boot_redis_hmdp基于redisson实现分布式锁)
2022-05-17 13:35:31.791 DEBUG 13868 --- [restartedMain] istributedLockBasedOnRedissonApplication : Running with Spring Boot v2.6.7, Spring v5.3.19
2022-05-17 13:35:31.791  INFO 13868 --- [restartedMain] istributedLockBasedOnRedissonApplication : The following 1 profile is active: "dev"
2022-05-17 13:35:31.823  INFO 13868 --- [restartedMain] .e.DevToolsPropertyDefaultsPostProcessor : Devtools property defaults active! Set 'spring.devtools.add-properties' to 'false' to disable
2022-05-17 13:35:31.823  INFO 13868 --- [restartedMain] .e.DevToolsPropertyDefaultsPostProcessor : For additional web related logging consider setting the 'logging.level.web' property to 'DEBUG'
2022-05-17 13:35:32.542  INFO 13868 --- [restartedMain] .s.d.r.c.RepositoryConfigurationDelegate : Multiple Spring Data modules found, entering strict repository configuration mode!
2022-05-17 13:35:32.544  INFO 13868 --- [restartedMain] .s.d.r.c.RepositoryConfigurationDelegate : Bootstrapping Spring Data Redis repositories in DEFAULT mode.
2022-05-17 13:35:32.572  INFO 13868 --- [restartedMain] .s.d.r.c.RepositoryConfigurationDelegate : Finished Spring Data repository scanning in 14 ms. Found 0 Redis repository interfaces.
2022-05-17 13:35:33.037  INFO 13868 --- [restartedMain] o.s.b.w.embedded.tomcat.TomcatWebServer  : Tomcat initialized with port(s): 8081 (http)
2022-05-17 13:35:33.043  INFO 13868 --- [restartedMain] o.apache.catalina.core.StandardService   : Starting service [Tomcat]
2022-05-17 13:35:33.044  INFO 13868 --- [restartedMain] org.apache.catalina.core.StandardEngine  : Starting Servlet engine: [Apache Tomcat/9.0.62]
2022-05-17 13:35:33.109  INFO 13868 --- [restartedMain] o.a.c.c.C.[Tomcat].[localhost].[/]       : Initializing Spring embedded WebApplicationContext
2022-05-17 13:35:33.109  INFO 13868 --- [restartedMain] w.s.c.ServletWebServerApplicationContext : Root WebApplicationContext: initialization completed in 1285 ms
2022-05-17 13:35:33.333  INFO 13868 --- [restartedMain] org.redisson.Version                     : Redisson 3.17.0
2022-05-17 13:35:33.576  INFO 13868 --- [redisson-netty-2-14] o.r.c.pool.MasterPubSubConnectionPool    : 1 connections initialized for 127.0.0.1/127.0.0.1:6379
2022-05-17 13:35:33.589  INFO 13868 --- [redisson-netty-2-19] o.r.c.pool.MasterConnectionPool          : 24 connections initialized for 127.0.0.1/127.0.0.1:6379
2022-05-17 13:35:33.711  INFO 13868 --- [restartedMain] c.a.d.s.b.a.DruidDataSourceAutoConfigure : Init DruidDataSource
2022-05-17 13:35:33.803  INFO 13868 --- [restartedMain] com.alibaba.druid.pool.DruidDataSource   : {dataSource-1} inited
2022-05-17 13:35:34.814  INFO 13868 --- [restartedMain] o.s.b.d.a.OptionalLiveReloadServer       : LiveReload server is running on port 35729
2022-05-17 13:35:34.820  INFO 13868 --- [restartedMain] o.s.b.a.e.web.EndpointLinksResolver      : Exposing 1 endpoint(s) beneath base path '/actuator'
2022-05-17 13:35:34.871  INFO 13868 --- [restartedMain] o.s.b.w.embedded.tomcat.TomcatWebServer  : Tomcat started on port(s): 8081 (http) with context path ''
2022-05-17 13:35:34.886  INFO 13868 --- [restartedMain] istributedLockBasedOnRedissonApplication : Started SpringBootRedisHmdpDistributedLockBasedOnRedissonApplication in 3.423 seconds (JVM running for 4.177)
2022-05-17 13:35:35.229  INFO 13868 --- [RMI TCP Connection(1)-172.28.144.1] o.a.c.c.C.[Tomcat].[localhost].[/]       : Initializing Spring DispatcherServlet 'dispatcherServlet'
2022-05-17 13:35:35.229  INFO 13868 --- [RMI TCP Connection(1)-172.28.144.1] o.s.web.servlet.DispatcherServlet        : Initializing Servlet 'dispatcherServlet'
2022-05-17 13:35:35.230  INFO 13868 --- [RMI TCP Connection(1)-172.28.144.1] o.s.web.servlet.DispatcherServlet        : Completed initialization in 1 ms
2022-05-17 13:35:46.741  INFO 13868 --- [SpringApplicationShutdownHook] com.alibaba.druid.pool.DruidDataSource   : {dataSource-1} closing ...
2022-05-17 13:35:46.744  INFO 13868 --- [SpringApplicationShutdownHook] com.alibaba.druid.pool.DruidDataSource   : {dataSource-1} closed
2022-05-17 13:44:05.282  INFO 14436 --- [restartedMain] istributedLockBasedOnRedissonApplication : Starting SpringBootRedisHmdpDistributedLockBasedOnRedissonApplication using Java 16.0.2 on mao with PID 14436 (H:\程序\大三下期\spring_boot_redis_hmdp基于redisson实现分布式锁\target\classes started by mao in H:\程序\大三下期\spring_boot_redis_hmdp基于redisson实现分布式锁)
2022-05-17 13:44:05.283 DEBUG 14436 --- [restartedMain] istributedLockBasedOnRedissonApplication : Running with Spring Boot v2.6.7, Spring v5.3.19
2022-05-17 13:44:05.284  INFO 14436 --- [restartedMain] istributedLockBasedOnRedissonApplication : The following 1 profile is active: "dev"
2022-05-17 13:44:05.331  INFO 14436 --- [restartedMain] .e.DevToolsPropertyDefaultsPostProcessor : Devtools property defaults active! Set 'spring.devtools.add-properties' to 'false' to disable
2022-05-17 13:44:05.331  INFO 14436 --- [restartedMain] .e.DevToolsPropertyDefaultsPostProcessor : For additional web related logging consider setting the 'logging.level.web' property to 'DEBUG'
2022-05-17 13:44:06.111  INFO 14436 --- [restartedMain] .s.d.r.c.RepositoryConfigurationDelegate : Multiple Spring Data modules found, entering strict repository configuration mode!
2022-05-17 13:44:06.113  INFO 14436 --- [restartedMain] .s.d.r.c.RepositoryConfigurationDelegate : Bootstrapping Spring Data Redis repositories in DEFAULT mode.
2022-05-17 13:44:06.139  INFO 14436 --- [restartedMain] .s.d.r.c.RepositoryConfigurationDelegate : Finished Spring Data repository scanning in 12 ms. Found 0 Redis repository interfaces.
2022-05-17 13:44:06.756  INFO 14436 --- [restartedMain] o.s.b.w.embedded.tomcat.TomcatWebServer  : Tomcat initialized with port(s): 8081 (http)
2022-05-17 13:44:06.763  INFO 14436 --- [restartedMain] o.apache.catalina.core.StandardService   : Starting service [Tomcat]
2022-05-17 13:44:06.764  INFO 14436 --- [restartedMain] org.apache.catalina.core.StandardEngine  : Starting Servlet engine: [Apache Tomcat/9.0.62]
2022-05-17 13:44:06.832  INFO 14436 --- [restartedMain] o.a.c.c.C.[Tomcat].[localhost].[/]       : Initializing Spring embedded WebApplicationContext
2022-05-17 13:44:06.832  INFO 14436 --- [restartedMain] w.s.c.ServletWebServerApplicationContext : Root WebApplicationContext: initialization completed in 1501 ms
2022-05-17 13:44:07.067  INFO 14436 --- [restartedMain] org.redisson.Version                     : Redisson 3.17.0
2022-05-17 13:44:17.275  WARN 14436 --- [restartedMain] ConfigServletWebServerApplicationContext : Exception encountered during context initialization - cancelling refresh attempt: org.springframework.beans.factory.BeanCreationException: Error creating bean with name 'springMvcConfiguration': Injection of resource dependencies failed; nested exception is org.springframework.beans.factory.UnsatisfiedDependencyException: Error creating bean with name 'stringRedisTemplate' defined in class path resource [org/redisson/spring/starter/RedissonAutoConfiguration.class]: Unsatisfied dependency expressed through method 'stringRedisTemplate' parameter 0; nested exception is org.springframework.beans.factory.UnsatisfiedDependencyException: Error creating bean with name 'redissonConnectionFactory' defined in class path resource [org/redisson/spring/starter/RedissonAutoConfiguration.class]: Unsatisfied dependency expressed through method 'redissonConnectionFactory' parameter 0; nested exception is org.springframework.beans.factory.BeanCreationException: Error creating bean with name 'redissonClient' defined in class path resource [mao/spring_boot_redis_hmdp/config/RedissonConfig.class]: Bean instantiation via factory method failed; nested exception is org.springframework.beans.BeanInstantiationException: Failed to instantiate [org.redisson.api.RedissonClient]: Factory method 'redissonClient' threw exception; nested exception is org.redisson.client.RedisConnectionException: Unable to connect to Redis server: 192.168.150.101/192.168.150.101:6379
2022-05-17 13:44:17.278  INFO 14436 --- [restartedMain] o.apache.catalina.core.StandardService   : Stopping service [Tomcat]
2022-05-17 13:44:17.305  INFO 14436 --- [restartedMain] ConditionEvaluationReportLoggingListener : 

Error starting ApplicationContext. To display the conditions report re-run your application with 'debug' enabled.
2022-05-17 13:44:17.325 ERROR 14436 --- [restartedMain] o.s.boot.SpringApplication               : Application run failed

org.springframework.beans.factory.BeanCreationException: Error creating bean with name 'springMvcConfiguration': Injection of resource dependencies failed; nested exception is org.springframework.beans.factory.UnsatisfiedDependencyException: Error creating bean with name 'stringRedisTemplate' defined in class path resource [org/redisson/spring/starter/RedissonAutoConfiguration.class]: Unsatisfied dependency expressed through method 'stringRedisTemplate' parameter 0; nested exception is org.springframework.beans.factory.UnsatisfiedDependencyException: Error creating bean with name 'redissonConnectionFactory' defined in class path resource [org/redisson/spring/starter/RedissonAutoConfiguration.class]: Unsatisfied dependency expressed through method 'redissonConnectionFactory' parameter 0; nested exception is org.springframework.beans.factory.BeanCreationException: Error creating bean with name 'redissonClient' defined in class path resource [mao/spring_boot_redis_hmdp/config/RedissonConfig.class]: Bean instantiation via factory method failed; nested exception is org.springframework.beans.BeanInstantiationException: Failed to instantiate [org.redisson.api.RedissonClient]: Factory method 'redissonClient' threw exception; nested exception is org.redisson.client.RedisConnectionException: Unable to connect to Redis server: 192.168.150.101/192.168.150.101:6379
	at org.springframework.context.annotation.CommonAnnotationBeanPostProcessor.postProcessProperties(CommonAnnotationBeanPostProcessor.java:332) ~[spring-context-5.3.19.jar:5.3.19]
	at org.springframework.beans.factory.support.AbstractAutowireCapableBeanFactory.populateBean(AbstractAutowireCapableBeanFactory.java:1431) ~[spring-beans-5.3.19.jar:5.3.19]
	at org.springframework.beans.factory.support.AbstractAutowireCapableBeanFactory.doCreateBean(AbstractAutowireCapableBeanFactory.java:619) ~[spring-beans-5.3.19.jar:5.3.19]
	at org.springframework.beans.factory.support.AbstractAutowireCapableBeanFactory.createBean(AbstractAutowireCapableBeanFactory.java:542) ~[spring-beans-5.3.19.jar:5.3.19]
	at org.springframework.beans.factory.support.AbstractBeanFactory.lambda$doGetBean$0(AbstractBeanFactory.java:335) ~[spring-beans-5.3.19.jar:5.3.19]
	at org.springframework.beans.factory.support.DefaultSingletonBeanRegistry.getSingleton(DefaultSingletonBeanRegistry.java:234) ~[spring-beans-5.3.19.jar:5.3.19]
	at org.springframework.beans.factory.support.AbstractBeanFactory.doGetBean(AbstractBeanFactory.java:333) ~[spring-beans-5.3.19.jar:5.3.19]
	at org.springframework.beans.factory.support.AbstractBeanFactory.getBean(AbstractBeanFactory.java:208) ~[spring-beans-5.3.19.jar:5.3.19]
	at org.springframework.beans.factory.support.DefaultListableBeanFactory.preInstantiateSingletons(DefaultListableBeanFactory.java:953) ~[spring-beans-5.3.19.jar:5.3.19]
	at org.springframework.context.support.AbstractApplicationContext.finishBeanFactoryInitialization(AbstractApplicationContext.java:918) ~[spring-context-5.3.19.jar:5.3.19]
	at org.springframework.context.support.AbstractApplicationContext.refresh(AbstractApplicationContext.java:583) ~[spring-context-5.3.19.jar:5.3.19]
	at org.springframework.boot.web.servlet.context.ServletWebServerApplicationContext.refresh(ServletWebServerApplicationContext.java:145) ~[spring-boot-2.6.7.jar:2.6.7]
	at org.springframework.boot.SpringApplication.refresh(SpringApplication.java:740) ~[spring-boot-2.6.7.jar:2.6.7]
	at org.springframework.boot.SpringApplication.refreshContext(SpringApplication.java:415) ~[spring-boot-2.6.7.jar:2.6.7]
	at org.springframework.boot.SpringApplication.run(SpringApplication.java:303) ~[spring-boot-2.6.7.jar:2.6.7]
	at org.springframework.boot.SpringApplication.run(SpringApplication.java:1312) ~[spring-boot-2.6.7.jar:2.6.7]
	at org.springframework.boot.SpringApplication.run(SpringApplication.java:1301) ~[spring-boot-2.6.7.jar:2.6.7]
	at mao.spring_boot_redis_hmdp.SpringBootRedisHmdpDistributedLockBasedOnRedissonApplication.main(SpringBootRedisHmdpDistributedLockBasedOnRedissonApplication.java:12) ~[classes/:na]
	at java.base/jdk.internal.reflect.NativeMethodAccessorImpl.invoke0(Native Method) ~[na:na]
	at java.base/jdk.internal.reflect.NativeMethodAccessorImpl.invoke(NativeMethodAccessorImpl.java:78) ~[na:na]
	at java.base/jdk.internal.reflect.DelegatingMethodAccessorImpl.invoke(DelegatingMethodAccessorImpl.java:43) ~[na:na]
	at java.base/java.lang.reflect.Method.invoke(Method.java:567) ~[na:na]
	at org.springframework.boot.devtools.restart.RestartLauncher.run(RestartLauncher.java:49) ~[spring-boot-devtools-2.6.7.jar:2.6.7]
Caused by: org.springframework.beans.factory.UnsatisfiedDependencyException: Error creating bean with name 'stringRedisTemplate' defined in class path resource [org/redisson/spring/starter/RedissonAutoConfiguration.class]: Unsatisfied dependency expressed through method 'stringRedisTemplate' parameter 0; nested exception is org.springframework.beans.factory.UnsatisfiedDependencyException: Error creating bean with name 'redissonConnectionFactory' defined in class path resource [org/redisson/spring/starter/RedissonAutoConfiguration.class]: Unsatisfied dependency expressed through method 'redissonConnectionFactory' parameter 0; nested exception is org.springframework.beans.factory.BeanCreationException: Error creating bean with name 'redissonClient' defined in class path resource [mao/spring_boot_redis_hmdp/config/RedissonConfig.class]: Bean instantiation via factory method failed; nested exception is org.springframework.beans.BeanInstantiationException: Failed to instantiate [org.redisson.api.RedissonClient]: Factory method 'redissonClient' threw exception; nested exception is org.redisson.client.RedisConnectionException: Unable to connect to Redis server: 192.168.150.101/192.168.150.101:6379
	at org.springframework.beans.factory.support.ConstructorResolver.createArgumentArray(ConstructorResolver.java:800) ~[spring-beans-5.3.19.jar:5.3.19]
	at org.springframework.beans.factory.support.ConstructorResolver.instantiateUsingFactoryMethod(ConstructorResolver.java:541) ~[spring-beans-5.3.19.jar:5.3.19]
	at org.springframework.beans.factory.support.AbstractAutowireCapableBeanFactory.instantiateUsingFactoryMethod(AbstractAutowireCapableBeanFactory.java:1352) ~[spring-beans-5.3.19.jar:5.3.19]
	at org.springframework.beans.factory.support.AbstractAutowireCapableBeanFactory.createBeanInstance(AbstractAutowireCapableBeanFactory.java:1195) ~[spring-beans-5.3.19.jar:5.3.19]
	at org.springframework.beans.factory.support.AbstractAutowireCapableBeanFactory.doCreateBean(AbstractAutowireCapableBeanFactory.java:582) ~[spring-beans-5.3.19.jar:5.3.19]
	at org.springframework.beans.factory.support.AbstractAutowireCapableBeanFactory.createBean(AbstractAutowireCapableBeanFactory.java:542) ~[spring-beans-5.3.19.jar:5.3.19]
	at org.springframework.beans.factory.support.AbstractBeanFactory.lambda$doGetBean$0(AbstractBeanFactory.java:335) ~[spring-beans-5.3.19.jar:5.3.19]
	at org.springframework.beans.factory.support.DefaultSingletonBeanRegistry.getSingleton(DefaultSingletonBeanRegistry.java:234) ~[spring-beans-5.3.19.jar:5.3.19]
	at org.springframework.beans.factory.support.AbstractBeanFactory.doGetBean(AbstractBeanFactory.java:333) ~[spring-beans-5.3.19.jar:5.3.19]
	at org.springframework.beans.factory.support.AbstractBeanFactory.getBean(AbstractBeanFactory.java:213) ~[spring-beans-5.3.19.jar:5.3.19]
	at org.springframework.beans.factory.support.AbstractAutowireCapableBeanFactory.resolveBeanByName(AbstractAutowireCapableBeanFactory.java:479) ~[spring-beans-5.3.19.jar:5.3.19]
	at org.springframework.context.annotation.CommonAnnotationBeanPostProcessor.autowireResource(CommonAnnotationBeanPostProcessor.java:550) ~[spring-context-5.3.19.jar:5.3.19]
	at org.springframework.context.annotation.CommonAnnotationBeanPostProcessor.getResource(CommonAnnotationBeanPostProcessor.java:520) ~[spring-context-5.3.19.jar:5.3.19]
	at org.springframework.context.annotation.CommonAnnotationBeanPostProcessor$ResourceElement.getResourceToInject(CommonAnnotationBeanPostProcessor.java:673) ~[spring-context-5.3.19.jar:5.3.19]
	at org.springframework.beans.factory.annotation.InjectionMetadata$InjectedElement.inject(InjectionMetadata.java:228) ~[spring-beans-5.3.19.jar:5.3.19]
	at org.springframework.beans.factory.annotation.InjectionMetadata.inject(InjectionMetadata.java:119) ~[spring-beans-5.3.19.jar:5.3.19]
	at org.springframework.context.annotation.CommonAnnotationBeanPostProcessor.postProcessProperties(CommonAnnotationBeanPostProcessor.java:329) ~[spring-context-5.3.19.jar:5.3.19]
	... 22 common frames omitted
Caused by: org.springframework.beans.factory.UnsatisfiedDependencyException: Error creating bean with name 'redissonConnectionFactory' defined in class path resource [org/redisson/spring/starter/RedissonAutoConfiguration.class]: Unsatisfied dependency expressed through method 'redissonConnectionFactory' parameter 0; nested exception is org.springframework.beans.factory.BeanCreationException: Error creating bean with name 'redissonClient' defined in class path resource [mao/spring_boot_redis_hmdp/config/RedissonConfig.class]: Bean instantiation via factory method failed; nested exception is org.springframework.beans.BeanInstantiationException: Failed to instantiate [org.redisson.api.RedissonClient]: Factory method 'redissonClient' threw exception; nested exception is org.redisson.client.RedisConnectionException: Unable to connect to Redis server: 192.168.150.101/192.168.150.101:6379
	at org.springframework.beans.factory.support.ConstructorResolver.createArgumentArray(ConstructorResolver.java:800) ~[spring-beans-5.3.19.jar:5.3.19]
	at org.springframework.beans.factory.support.ConstructorResolver.instantiateUsingFactoryMethod(ConstructorResolver.java:541) ~[spring-beans-5.3.19.jar:5.3.19]
	at org.springframework.beans.factory.support.AbstractAutowireCapableBeanFactory.instantiateUsingFactoryMethod(AbstractAutowireCapableBeanFactory.java:1352) ~[spring-beans-5.3.19.jar:5.3.19]
	at org.springframework.beans.factory.support.AbstractAutowireCapableBeanFactory.createBeanInstance(AbstractAutowireCapableBeanFactory.java:1195) ~[spring-beans-5.3.19.jar:5.3.19]
	at org.springframework.beans.factory.support.AbstractAutowireCapableBeanFactory.doCreateBean(AbstractAutowireCapableBeanFactory.java:582) ~[spring-beans-5.3.19.jar:5.3.19]
	at org.springframework.beans.factory.support.AbstractAutowireCapableBeanFactory.createBean(AbstractAutowireCapableBeanFactory.java:542) ~[spring-beans-5.3.19.jar:5.3.19]
	at org.springframework.beans.factory.support.AbstractBeanFactory.lambda$doGetBean$0(AbstractBeanFactory.java:335) ~[spring-beans-5.3.19.jar:5.3.19]
	at org.springframework.beans.factory.support.DefaultSingletonBeanRegistry.getSingleton(DefaultSingletonBeanRegistry.java:234) ~[spring-beans-5.3.19.jar:5.3.19]
	at org.springframework.beans.factory.support.AbstractBeanFactory.doGetBean(AbstractBeanFactory.java:333) ~[spring-beans-5.3.19.jar:5.3.19]
	at org.springframework.beans.factory.support.AbstractBeanFactory.getBean(AbstractBeanFactory.java:208) ~[spring-beans-5.3.19.jar:5.3.19]
	at org.springframework.beans.factory.config.DependencyDescriptor.resolveCandidate(DependencyDescriptor.java:276) ~[spring-beans-5.3.19.jar:5.3.19]
	at org.springframework.beans.factory.support.DefaultListableBeanFactory.doResolveDependency(DefaultListableBeanFactory.java:1389) ~[spring-beans-5.3.19.jar:5.3.19]
	at org.springframework.beans.factory.support.DefaultListableBeanFactory.resolveDependency(DefaultListableBeanFactory.java:1309) ~[spring-beans-5.3.19.jar:5.3.19]
	at org.springframework.beans.factory.support.ConstructorResolver.resolveAutowiredArgument(ConstructorResolver.java:887) ~[spring-beans-5.3.19.jar:5.3.19]
	at org.springframework.beans.factory.support.ConstructorResolver.createArgumentArray(ConstructorResolver.java:791) ~[spring-beans-5.3.19.jar:5.3.19]
	... 38 common frames omitted
Caused by: org.springframework.beans.factory.BeanCreationException: Error creating bean with name 'redissonClient' defined in class path resource [mao/spring_boot_redis_hmdp/config/RedissonConfig.class]: Bean instantiation via factory method failed; nested exception is org.springframework.beans.BeanInstantiationException: Failed to instantiate [org.redisson.api.RedissonClient]: Factory method 'redissonClient' threw exception; nested exception is org.redisson.client.RedisConnectionException: Unable to connect to Redis server: 192.168.150.101/192.168.150.101:6379
	at org.springframework.beans.factory.support.ConstructorResolver.instantiate(ConstructorResolver.java:658) ~[spring-beans-5.3.19.jar:5.3.19]
	at org.springframework.beans.factory.support.ConstructorResolver.instantiateUsingFactoryMethod(ConstructorResolver.java:486) ~[spring-beans-5.3.19.jar:5.3.19]
	at org.springframework.beans.factory.support.AbstractAutowireCapableBeanFactory.instantiateUsingFactoryMethod(AbstractAutowireCapableBeanFactory.java:1352) ~[spring-beans-5.3.19.jar:5.3.19]
	at org.springframework.beans.factory.support.AbstractAutowireCapableBeanFactory.createBeanInstance(AbstractAutowireCapableBeanFactory.java:1195) ~[spring-beans-5.3.19.jar:5.3.19]
	at org.springframework.beans.factory.support.AbstractAutowireCapableBeanFactory.doCreateBean(AbstractAutowireCapableBeanFactory.java:582) ~[spring-beans-5.3.19.jar:5.3.19]
	at org.springframework.beans.factory.support.AbstractAutowireCapableBeanFactory.createBean(AbstractAutowireCapableBeanFactory.java:542) ~[spring-beans-5.3.19.jar:5.3.19]
	at org.springframework.beans.factory.support.AbstractBeanFactory.lambda$doGetBean$0(AbstractBeanFactory.java:335) ~[spring-beans-5.3.19.jar:5.3.19]
	at org.springframework.beans.factory.support.DefaultSingletonBeanRegistry.getSingleton(DefaultSingletonBeanRegistry.java:234) ~[spring-beans-5.3.19.jar:5.3.19]
	at org.springframework.beans.factory.support.AbstractBeanFactory.doGetBean(AbstractBeanFactory.java:333) ~[spring-beans-5.3.19.jar:5.3.19]
	at org.springframework.beans.factory.support.AbstractBeanFactory.getBean(AbstractBeanFactory.java:208) ~[spring-beans-5.3.19.jar:5.3.19]
	at org.springframework.beans.factory.config.DependencyDescriptor.resolveCandidate(DependencyDescriptor.java:276) ~[spring-beans-5.3.19.jar:5.3.19]
	at org.springframework.beans.factory.support.DefaultListableBeanFactory.doResolveDependency(DefaultListableBeanFactory.java:1389) ~[spring-beans-5.3.19.jar:5.3.19]
	at org.springframework.beans.factory.support.DefaultListableBeanFactory.resolveDependency(DefaultListableBeanFactory.java:1309) ~[spring-beans-5.3.19.jar:5.3.19]
	at org.springframework.beans.factory.support.ConstructorResolver.resolveAutowiredArgument(ConstructorResolver.java:887) ~[spring-beans-5.3.19.jar:5.3.19]
	at org.springframework.beans.factory.support.ConstructorResolver.createArgumentArray(ConstructorResolver.java:791) ~[spring-beans-5.3.19.jar:5.3.19]
	... 52 common frames omitted
Caused by: org.springframework.beans.BeanInstantiationException: Failed to instantiate [org.redisson.api.RedissonClient]: Factory method 'redissonClient' threw exception; nested exception is org.redisson.client.RedisConnectionException: Unable to connect to Redis server: 192.168.150.101/192.168.150.101:6379
	at org.springframework.beans.factory.support.SimpleInstantiationStrategy.instantiate(SimpleInstantiationStrategy.java:185) ~[spring-beans-5.3.19.jar:5.3.19]
	at org.springframework.beans.factory.support.ConstructorResolver.instantiate(ConstructorResolver.java:653) ~[spring-beans-5.3.19.jar:5.3.19]
	... 66 common frames omitted
Caused by: org.redisson.client.RedisConnectionException: Unable to connect to Redis server: 192.168.150.101/192.168.150.101:6379
	at org.redisson.connection.pool.ConnectionPool$1.lambda$run$0(ConnectionPool.java:153) ~[redisson-3.17.0.jar:3.17.0]
	at java.base/java.util.concurrent.CompletableFuture.uniWhenComplete(CompletableFuture.java:859) ~[na:na]
	at java.base/java.util.concurrent.CompletableFuture$UniWhenComplete.tryFire(CompletableFuture.java:837) ~[na:na]
	at java.base/java.util.concurrent.CompletableFuture.postComplete(CompletableFuture.java:506) ~[na:na]
	at java.base/java.util.concurrent.CompletableFuture.completeExceptionally(CompletableFuture.java:2158) ~[na:na]
	at org.redisson.connection.pool.ConnectionPool.promiseFailure(ConnectionPool.java:310) ~[redisson-3.17.0.jar:3.17.0]
	at org.redisson.connection.pool.ConnectionPool.lambda$createConnection$3(ConnectionPool.java:276) ~[redisson-3.17.0.jar:3.17.0]
	at java.base/java.util.concurrent.CompletableFuture.uniWhenComplete(CompletableFuture.java:859) ~[na:na]
	at java.base/java.util.concurrent.CompletableFuture$UniWhenComplete.tryFire(CompletableFuture.java:837) ~[na:na]
	at java.base/java.util.concurrent.CompletableFuture.postComplete(CompletableFuture.java:506) ~[na:na]
	at java.base/java.util.concurrent.CompletableFuture.completeExceptionally(CompletableFuture.java:2158) ~[na:na]
	at org.redisson.client.RedisClient$1$2.run(RedisClient.java:235) ~[redisson-3.17.0.jar:3.17.0]
	at io.netty.util.concurrent.AbstractEventExecutor.safeExecute(AbstractEventExecutor.java:164) ~[netty-common-4.1.76.Final.jar:4.1.76.Final]
	at io.netty.util.concurrent.SingleThreadEventExecutor.runAllTasks(SingleThreadEventExecutor.java:469) ~[netty-common-4.1.76.Final.jar:4.1.76.Final]
	at io.netty.channel.nio.NioEventLoop.run(NioEventLoop.java:503) ~[netty-transport-4.1.76.Final.jar:4.1.76.Final]
	at io.netty.util.concurrent.SingleThreadEventExecutor$4.run(SingleThreadEventExecutor.java:986) ~[netty-common-4.1.76.Final.jar:4.1.76.Final]
	at io.netty.util.internal.ThreadExecutorMap$2.run(ThreadExecutorMap.java:74) ~[netty-common-4.1.76.Final.jar:4.1.76.Final]
	at io.netty.util.concurrent.FastThreadLocalRunnable.run(FastThreadLocalRunnable.java:30) ~[netty-common-4.1.76.Final.jar:4.1.76.Final]
	at java.base/java.lang.Thread.run(Thread.java:831) ~[na:na]
Caused by: java.util.concurrent.CompletionException: io.netty.channel.ConnectTimeoutException: connection timed out: 192.168.150.101/192.168.150.101:6379
	at java.base/java.util.concurrent.CompletableFuture.encodeRelay(CompletableFuture.java:367) ~[na:na]
	at java.base/java.util.concurrent.CompletableFuture.completeRelay(CompletableFuture.java:376) ~[na:na]
	at java.base/java.util.concurrent.CompletableFuture$UniRelay.tryFire(CompletableFuture.java:1093) ~[na:na]
	... 10 common frames omitted
Caused by: io.netty.channel.ConnectTimeoutException: connection timed out: 192.168.150.101/192.168.150.101:6379
	at io.netty.channel.nio.AbstractNioChannel$AbstractNioUnsafe$1.run(AbstractNioChannel.java:261) ~[netty-transport-4.1.76.Final.jar:4.1.76.Final]
	at io.netty.util.concurrent.PromiseTask.runTask(PromiseTask.java:98) ~[netty-common-4.1.76.Final.jar:4.1.76.Final]
	at io.netty.util.concurrent.ScheduledFutureTask.run(ScheduledFutureTask.java:170) ~[netty-common-4.1.76.Final.jar:4.1.76.Final]
	... 7 common frames omitted

2022-05-17 13:45:54.712  INFO 13072 --- [restartedMain] istributedLockBasedOnRedissonApplication : Starting SpringBootRedisHmdpDistributedLockBasedOnRedissonApplication using Java 16.0.2 on mao with PID 13072 (H:\程序\大三下期\spring_boot_redis_hmdp基于redisson实现分布式锁\target\classes started by mao in H:\程序\大三下期\spring_boot_redis_hmdp基于redisson实现分布式锁)
2022-05-17 13:45:54.713 DEBUG 13072 --- [restartedMain] istributedLockBasedOnRedissonApplication : Running with Spring Boot v2.6.7, Spring v5.3.19
2022-05-17 13:45:54.713  INFO 13072 --- [restartedMain] istributedLockBasedOnRedissonApplication : The following 1 profile is active: "dev"
2022-05-17 13:45:54.746  INFO 13072 --- [restartedMain] .e.DevToolsPropertyDefaultsPostProcessor : Devtools property defaults active! Set 'spring.devtools.add-properties' to 'false' to disable
2022-05-17 13:45:54.746  INFO 13072 --- [restartedMain] .e.DevToolsPropertyDefaultsPostProcessor : For additional web related logging consider setting the 'logging.level.web' property to 'DEBUG'
2022-05-17 13:45:55.447  INFO 13072 --- [restartedMain] .s.d.r.c.RepositoryConfigurationDelegate : Multiple Spring Data modules found, entering strict repository configuration mode!
2022-05-17 13:45:55.448  INFO 13072 --- [restartedMain] .s.d.r.c.RepositoryConfigurationDelegate : Bootstrapping Spring Data Redis repositories in DEFAULT mode.
